  Source.cpp
d:\myworkspace\code_api\btl_api\baitaplon\resource.h(61): warning C4005: 'PS_DASH': macro redefinition
  c:\program files (x86)\windows kits\8.1\include\um\wingdi.h(1958): note: see previous definition of 'PS_DASH'
d:\myworkspace\code_api\btl_api\baitaplon\resource.h(102): warning C4005: 'R2_MASKPEN': macro redefinition
  c:\program files (x86)\windows kits\8.1\include\um\wingdi.h(68): note: see previous definition of 'R2_MASKPEN'
d:\myworkspace\code_api\btl_api\baitaplon\source.cpp(222): warning C4244: 'argument': conversion from 'float' to 'int', possible loss of data
d:\myworkspace\code_api\btl_api\baitaplon\source.cpp(226): warning C4244: 'argument': conversion from 'float' to 'int', possible loss of data
d:\myworkspace\code_api\btl_api\baitaplon\source.cpp(231): warning C4244: '=': conversion from 'float' to 'LONG', possible loss of data
d:\myworkspace\code_api\btl_api\baitaplon\source.cpp(232): warning C4244: '=': conversion from 'float' to 'LONG', possible loss of data
d:\myworkspace\code_api\btl_api\baitaplon\source.cpp(233): warning C4244: '=': conversion from 'float' to 'LONG', possible loss of data
d:\myworkspace\code_api\btl_api\baitaplon\source.cpp(234): warning C4244: '=': conversion from 'float' to 'LONG', possible loss of data
d:\myworkspace\code_api\btl_api\baitaplon\source.cpp(235): warning C4244: '=': conversion from 'float' to 'LONG', possible loss of data
d:\myworkspace\code_api\btl_api\baitaplon\source.cpp(236): warning C4244: '=': conversion from 'float' to 'LONG', possible loss of data
d:\myworkspace\code_api\btl_api\baitaplon\source.cpp(242): warning C4244: '=': conversion from 'float' to 'LONG', possible loss of data
d:\myworkspace\code_api\btl_api\baitaplon\source.cpp(243): warning C4244: '=': conversion from 'float' to 'LONG', possible loss of data
d:\myworkspace\code_api\btl_api\baitaplon\source.cpp(244): warning C4244: '=': conversion from 'float' to 'LONG', possible loss of data
d:\myworkspace\code_api\btl_api\baitaplon\source.cpp(245): warning C4244: '=': conversion from 'float' to 'LONG', possible loss of data
d:\myworkspace\code_api\btl_api\baitaplon\source.cpp(246): warning C4244: '=': conversion from 'float' to 'LONG', possible loss of data
d:\myworkspace\code_api\btl_api\baitaplon\source.cpp(247): warning C4244: '=': conversion from 'float' to 'LONG', possible loss of data
d:\myworkspace\code_api\btl_api\baitaplon\source.cpp(252): warning C4244: '=': conversion from 'float' to 'LONG', possible loss of data
d:\myworkspace\code_api\btl_api\baitaplon\source.cpp(253): warning C4244: '=': conversion from 'float' to 'LONG', possible loss of data
d:\myworkspace\code_api\btl_api\baitaplon\source.cpp(254): warning C4244: '=': conversion from 'float' to 'LONG', possible loss of data
d:\myworkspace\code_api\btl_api\baitaplon\source.cpp(255): warning C4244: '=': conversion from 'float' to 'LONG', possible loss of data
d:\myworkspace\code_api\btl_api\baitaplon\source.cpp(256): warning C4244: '=': conversion from 'float' to 'LONG', possible loss of data
d:\myworkspace\code_api\btl_api\baitaplon\source.cpp(257): warning C4244: '=': conversion from 'float' to 'LONG', possible loss of data
d:\myworkspace\code_api\btl_api\baitaplon\source.cpp(258): warning C4244: '=': conversion from 'float' to 'LONG', possible loss of data
d:\myworkspace\code_api\btl_api\baitaplon\source.cpp(259): warning C4244: '=': conversion from 'float' to 'LONG', possible loss of data
d:\myworkspace\code_api\btl_api\baitaplon\source.cpp(260): warning C4244: '=': conversion from 'float' to 'LONG', possible loss of data
d:\myworkspace\code_api\btl_api\baitaplon\source.cpp(261): warning C4244: '=': conversion from 'float' to 'LONG', possible loss of data
d:\myworkspace\code_api\btl_api\baitaplon\source.cpp(262): warning C4244: '=': conversion from 'float' to 'LONG', possible loss of data
d:\myworkspace\code_api\btl_api\baitaplon\source.cpp(263): warning C4244: '=': conversion from 'float' to 'LONG', possible loss of data
d:\myworkspace\code_api\btl_api\baitaplon\source.cpp(264): warning C4244: '=': conversion from 'float' to 'LONG', possible loss of data
d:\myworkspace\code_api\btl_api\baitaplon\source.cpp(265): warning C4244: '=': conversion from 'float' to 'LONG', possible loss of data
d:\myworkspace\code_api\btl_api\baitaplon\source.cpp(270): warning C4244: '=': conversion from 'float' to 'LONG', possible loss of data
d:\myworkspace\code_api\btl_api\baitaplon\source.cpp(271): warning C4244: '=': conversion from 'float' to 'LONG', possible loss of data
d:\myworkspace\code_api\btl_api\baitaplon\source.cpp(272): warning C4244: '=': conversion from 'float' to 'LONG', possible loss of data
d:\myworkspace\code_api\btl_api\baitaplon\source.cpp(273): warning C4244: '=': conversion from 'float' to 'LONG', possible loss of data
d:\myworkspace\code_api\btl_api\baitaplon\source.cpp(275): warning C4244: '=': conversion from 'float' to 'LONG', possible loss of data
d:\myworkspace\code_api\btl_api\baitaplon\source.cpp(276): warning C4244: '=': conversion from 'float' to 'LONG', possible loss of data
d:\myworkspace\code_api\btl_api\baitaplon\source.cpp(277): warning C4244: '=': conversion from 'float' to 'LONG', possible loss of data
d:\myworkspace\code_api\btl_api\baitaplon\source.cpp(278): warning C4244: '=': conversion from 'float' to 'LONG', possible loss of data
d:\myworkspace\code_api\btl_api\baitaplon\source.cpp(279): warning C4244: '=': conversion from 'float' to 'LONG', possible loss of data
d:\myworkspace\code_api\btl_api\baitaplon\source.cpp(280): warning C4244: '=': conversion from 'float' to 'LONG', possible loss of data
d:\myworkspace\code_api\btl_api\baitaplon\source.cpp(281): warning C4244: '=': conversion from 'float' to 'LONG', possible loss of data
d:\myworkspace\code_api\btl_api\baitaplon\source.cpp(282): warning C4244: '=': conversion from 'float' to 'LONG', possible loss of data
d:\myworkspace\code_api\btl_api\baitaplon\source.cpp(283): warning C4244: '=': conversion from 'float' to 'LONG', possible loss of data
d:\myworkspace\code_api\btl_api\baitaplon\source.cpp(284): warning C4244: '=': conversion from 'float' to 'LONG', possible loss of data
d:\myworkspace\code_api\btl_api\baitaplon\source.cpp(289): warning C4244: '=': conversion from 'float' to 'LONG', possible loss of data
d:\myworkspace\code_api\btl_api\baitaplon\source.cpp(290): warning C4244: '=': conversion from 'float' to 'LONG', possible loss of data
d:\myworkspace\code_api\btl_api\baitaplon\source.cpp(292): warning C4244: '=': conversion from 'float' to 'LONG', possible loss of data
d:\myworkspace\code_api\btl_api\baitaplon\source.cpp(293): warning C4244: '=': conversion from 'float' to 'LONG', possible loss of data
d:\myworkspace\code_api\btl_api\baitaplon\source.cpp(295): warning C4244: '=': conversion from 'float' to 'LONG', possible loss of data
d:\myworkspace\code_api\btl_api\baitaplon\source.cpp(296): warning C4244: '=': conversion from 'float' to 'LONG', possible loss of data
d:\myworkspace\code_api\btl_api\baitaplon\source.cpp(298): warning C4244: '=': conversion from 'float' to 'LONG', possible loss of data
d:\myworkspace\code_api\btl_api\baitaplon\source.cpp(299): warning C4244: '=': conversion from 'float' to 'LONG', possible loss of data
d:\myworkspace\code_api\btl_api\baitaplon\source.cpp(301): warning C4244: '=': conversion from 'float' to 'LONG', possible loss of data
d:\myworkspace\code_api\btl_api\baitaplon\source.cpp(302): warning C4244: '=': conversion from 'float' to 'LONG', possible loss of data
d:\myworkspace\code_api\btl_api\baitaplon\source.cpp(304): warning C4244: '=': conversion from 'float' to 'LONG', possible loss of data
d:\myworkspace\code_api\btl_api\baitaplon\source.cpp(305): warning C4244: '=': conversion from 'float' to 'LONG', possible loss of data
d:\myworkspace\code_api\btl_api\baitaplon\source.cpp(312): warning C4244: '=': conversion from 'float' to 'LONG', possible loss of data
d:\myworkspace\code_api\btl_api\baitaplon\source.cpp(313): warning C4244: '=': conversion from 'float' to 'LONG', possible loss of data
d:\myworkspace\code_api\btl_api\baitaplon\source.cpp(314): warning C4244: '=': conversion from 'float' to 'LONG', possible loss of data
d:\myworkspace\code_api\btl_api\baitaplon\source.cpp(315): warning C4244: '=': conversion from 'float' to 'LONG', possible loss of data
d:\myworkspace\code_api\btl_api\baitaplon\source.cpp(316): warning C4244: '=': conversion from 'float' to 'LONG', possible loss of data
d:\myworkspace\code_api\btl_api\baitaplon\source.cpp(317): warning C4244: '=': conversion from 'float' to 'LONG', possible loss of data
d:\myworkspace\code_api\btl_api\baitaplon\source.cpp(318): warning C4244: '=': conversion from 'float' to 'LONG', possible loss of data
d:\myworkspace\code_api\btl_api\baitaplon\source.cpp(319): warning C4244: '=': conversion from 'float' to 'LONG', possible loss of data
d:\myworkspace\code_api\btl_api\baitaplon\source.cpp(325): warning C4244: 'argument': conversion from 'float' to 'int', possible loss of data
d:\myworkspace\code_api\btl_api\baitaplon\source.cpp(328): warning C4244: 'argument': conversion from 'float' to 'int', possible loss of data
d:\myworkspace\code_api\btl_api\baitaplon\source.cpp(329): warning C4244: 'argument': conversion from 'float' to 'int', possible loss of data
d:\myworkspace\code_api\btl_api\baitaplon\source.cpp(333): warning C4244: '=': conversion from 'float' to 'LONG', possible loss of data
d:\myworkspace\code_api\btl_api\baitaplon\source.cpp(334): warning C4244: '=': conversion from 'float' to 'LONG', possible loss of data
d:\myworkspace\code_api\btl_api\baitaplon\source.cpp(335): warning C4244: '=': conversion from 'float' to 'LONG', possible loss of data
d:\myworkspace\code_api\btl_api\baitaplon\source.cpp(336): warning C4244: '=': conversion from 'float' to 'LONG', possible loss of data
d:\myworkspace\code_api\btl_api\baitaplon\source.cpp(337): warning C4244: '=': conversion from 'float' to 'LONG', possible loss of data
d:\myworkspace\code_api\btl_api\baitaplon\source.cpp(338): warning C4244: '=': conversion from 'float' to 'LONG', possible loss of data
d:\myworkspace\code_api\btl_api\baitaplon\source.cpp(339): warning C4244: '=': conversion from 'float' to 'LONG', possible loss of data
d:\myworkspace\code_api\btl_api\baitaplon\source.cpp(340): warning C4244: '=': conversion from 'float' to 'LONG', possible loss of data
d:\myworkspace\code_api\btl_api\baitaplon\source.cpp(341): warning C4244: '=': conversion from 'float' to 'LONG', possible loss of data
d:\myworkspace\code_api\btl_api\baitaplon\source.cpp(342): warning C4244: '=': conversion from 'float' to 'LONG', possible loss of data
d:\myworkspace\code_api\btl_api\baitaplon\source.cpp(346): warning C4244: '=': conversion from 'float' to 'LONG', possible loss of data
d:\myworkspace\code_api\btl_api\baitaplon\source.cpp(347): warning C4244: '=': conversion from 'float' to 'LONG', possible loss of data
d:\myworkspace\code_api\btl_api\baitaplon\source.cpp(349): warning C4244: '=': conversion from 'float' to 'LONG', possible loss of data
d:\myworkspace\code_api\btl_api\baitaplon\source.cpp(350): warning C4244: '=': conversion from 'float' to 'LONG', possible loss of data
d:\myworkspace\code_api\btl_api\baitaplon\source.cpp(352): warning C4244: '=': conversion from 'float' to 'LONG', possible loss of data
d:\myworkspace\code_api\btl_api\baitaplon\source.cpp(353): warning C4244: '=': conversion from 'float' to 'LONG', possible loss of data
d:\myworkspace\code_api\btl_api\baitaplon\source.cpp(355): warning C4244: '=': conversion from 'float' to 'LONG', possible loss of data
d:\myworkspace\code_api\btl_api\baitaplon\source.cpp(356): warning C4244: '=': conversion from 'float' to 'LONG', possible loss of data
d:\myworkspace\code_api\btl_api\baitaplon\source.cpp(358): warning C4244: '=': conversion from 'float' to 'LONG', possible loss of data
d:\myworkspace\code_api\btl_api\baitaplon\source.cpp(359): warning C4244: '=': conversion from 'float' to 'LONG', possible loss of data
d:\myworkspace\code_api\btl_api\baitaplon\source.cpp(361): warning C4244: '=': conversion from 'float' to 'LONG', possible loss of data
d:\myworkspace\code_api\btl_api\baitaplon\source.cpp(362): warning C4244: '=': conversion from 'float' to 'LONG', possible loss of data
d:\myworkspace\code_api\btl_api\baitaplon\source.cpp(364): warning C4244: '=': conversion from 'float' to 'LONG', possible loss of data
d:\myworkspace\code_api\btl_api\baitaplon\source.cpp(365): warning C4244: '=': conversion from 'float' to 'LONG', possible loss of data
d:\myworkspace\code_api\btl_api\baitaplon\source.cpp(367): warning C4244: '=': conversion from 'float' to 'LONG', possible loss of data
d:\myworkspace\code_api\btl_api\baitaplon\source.cpp(368): warning C4244: '=': conversion from 'float' to 'LONG', possible loss of data
d:\myworkspace\code_api\btl_api\baitaplon\source.cpp(372): warning C4244: '=': conversion from 'float' to 'LONG', possible loss of data
d:\myworkspace\code_api\btl_api\baitaplon\source.cpp(373): warning C4244: '=': conversion from 'float' to 'LONG', possible loss of data
d:\myworkspace\code_api\btl_api\baitaplon\source.cpp(375): warning C4244: '=': conversion from 'float' to 'LONG', possible loss of data
d:\myworkspace\code_api\btl_api\baitaplon\source.cpp(376): warning C4244: '=': conversion from 'float' to 'LONG', possible loss of data
d:\myworkspace\code_api\btl_api\baitaplon\source.cpp(378): warning C4244: '=': conversion from 'float' to 'LONG', possible loss of data
d:\myworkspace\code_api\btl_api\baitaplon\source.cpp(379): warning C4244: '=': conversion from 'float' to 'LONG', possible loss of data
d:\myworkspace\code_api\btl_api\baitaplon\source.cpp(381): warning C4244: '=': conversion from 'float' to 'LONG', possible loss of data
d:\myworkspace\code_api\btl_api\baitaplon\source.cpp(382): warning C4244: '=': conversion from 'float' to 'LONG', possible loss of data
d:\myworkspace\code_api\btl_api\baitaplon\source.cpp(384): warning C4244: '=': conversion from 'float' to 'LONG', possible loss of data
d:\myworkspace\code_api\btl_api\baitaplon\source.cpp(385): warning C4244: '=': conversion from 'float' to 'LONG', possible loss of data
d:\myworkspace\code_api\btl_api\baitaplon\source.cpp(387): warning C4244: '=': conversion from 'float' to 'LONG', possible loss of data
d:\myworkspace\code_api\btl_api\baitaplon\source.cpp(388): warning C4244: '=': conversion from 'float' to 'LONG', possible loss of data
d:\myworkspace\code_api\btl_api\baitaplon\source.cpp(390): warning C4244: '=': conversion from 'float' to 'LONG', possible loss of data
d:\myworkspace\code_api\btl_api\baitaplon\source.cpp(391): warning C4244: '=': conversion from 'float' to 'LONG', possible loss of data
d:\myworkspace\code_api\btl_api\baitaplon\source.cpp(393): warning C4244: '=': conversion from 'float' to 'LONG', possible loss of data
d:\myworkspace\code_api\btl_api\baitaplon\source.cpp(394): warning C4244: '=': conversion from 'float' to 'LONG', possible loss of data
d:\myworkspace\code_api\btl_api\baitaplon\source.cpp(396): warning C4244: '=': conversion from 'float' to 'LONG', possible loss of data
d:\myworkspace\code_api\btl_api\baitaplon\source.cpp(397): warning C4244: '=': conversion from 'float' to 'LONG', possible loss of data
d:\myworkspace\code_api\btl_api\baitaplon\source.cpp(399): warning C4244: '=': conversion from 'float' to 'LONG', possible loss of data
d:\myworkspace\code_api\btl_api\baitaplon\source.cpp(400): warning C4244: '=': conversion from 'float' to 'LONG', possible loss of data
d:\myworkspace\code_api\btl_api\baitaplon\source.cpp(404): warning C4244: '=': conversion from 'float' to 'LONG', possible loss of data
d:\myworkspace\code_api\btl_api\baitaplon\source.cpp(405): warning C4244: '=': conversion from 'float' to 'LONG', possible loss of data
d:\myworkspace\code_api\btl_api\baitaplon\source.cpp(407): warning C4244: '=': conversion from 'float' to 'LONG', possible loss of data
d:\myworkspace\code_api\btl_api\baitaplon\source.cpp(408): warning C4244: '=': conversion from 'float' to 'LONG', possible loss of data
d:\myworkspace\code_api\btl_api\baitaplon\source.cpp(410): warning C4244: '=': conversion from 'float' to 'LONG', possible loss of data
d:\myworkspace\code_api\btl_api\baitaplon\source.cpp(411): warning C4244: '=': conversion from 'float' to 'LONG', possible loss of data
d:\myworkspace\code_api\btl_api\baitaplon\source.cpp(413): warning C4244: '=': conversion from 'float' to 'LONG', possible loss of data
d:\myworkspace\code_api\btl_api\baitaplon\source.cpp(414): warning C4244: '=': conversion from 'float' to 'LONG', possible loss of data
d:\myworkspace\code_api\btl_api\baitaplon\source.cpp(416): warning C4244: '=': conversion from 'float' to 'LONG', possible loss of data
d:\myworkspace\code_api\btl_api\baitaplon\source.cpp(417): warning C4244: '=': conversion from 'float' to 'LONG', possible loss of data
d:\myworkspace\code_api\btl_api\baitaplon\source.cpp(419): warning C4244: '=': conversion from 'float' to 'LONG', possible loss of data
d:\myworkspace\code_api\btl_api\baitaplon\source.cpp(420): warning C4244: '=': conversion from 'float' to 'LONG', possible loss of data
d:\myworkspace\code_api\btl_api\baitaplon\source.cpp(422): warning C4244: '=': conversion from 'float' to 'LONG', possible loss of data
d:\myworkspace\code_api\btl_api\baitaplon\source.cpp(423): warning C4244: '=': conversion from 'float' to 'LONG', possible loss of data
d:\myworkspace\code_api\btl_api\baitaplon\source.cpp(425): warning C4244: '=': conversion from 'float' to 'LONG', possible loss of data
d:\myworkspace\code_api\btl_api\baitaplon\source.cpp(426): warning C4244: '=': conversion from 'float' to 'LONG', possible loss of data
d:\myworkspace\code_api\btl_api\baitaplon\source.cpp(428): warning C4244: '=': conversion from 'float' to 'LONG', possible loss of data
d:\myworkspace\code_api\btl_api\baitaplon\source.cpp(429): warning C4244: '=': conversion from 'float' to 'LONG', possible loss of data
d:\myworkspace\code_api\btl_api\baitaplon\source.cpp(431): warning C4244: '=': conversion from 'float' to 'LONG', possible loss of data
d:\myworkspace\code_api\btl_api\baitaplon\source.cpp(432): warning C4244: '=': conversion from 'float' to 'LONG', possible loss of data
d:\myworkspace\code_api\btl_api\baitaplon\source.cpp(434): warning C4244: '=': conversion from 'float' to 'LONG', possible loss of data
d:\myworkspace\code_api\btl_api\baitaplon\source.cpp(435): warning C4244: '=': conversion from 'float' to 'LONG', possible loss of data
d:\myworkspace\code_api\btl_api\baitaplon\source.cpp(437): warning C4244: '=': conversion from 'float' to 'LONG', possible loss of data
d:\myworkspace\code_api\btl_api\baitaplon\source.cpp(438): warning C4244: '=': conversion from 'float' to 'LONG', possible loss of data
  BaiTapLon.vcxproj -> D:\MyWorkSpace\CODE_API\BTL_API\Debug\BaiTapLon.exe
  BaiTapLon.vcxproj -> D:\MyWorkSpace\CODE_API\BTL_API\Debug\BaiTapLon.pdb (Full PDB)
